WARNING - 2025-11-01 15:26:06 --> [DEPRECATED] Creation of dynamic property App\Filters\Auth::$db is deprecated in APPPATH/Filters/Auth.php on line 15.
 1 SYSTEMPATH/Filters/Filters.php(180): App\Filters\Auth->before(Object(CodeIgniter\HTTP\IncomingRequest), null)
 2 SYSTEMPATH/CodeIgniter.php(466): CodeIgniter\Filters\Filters->run('dashboard', 'before')
 3 SYSTEMPATH/CodeIgniter.php(353): CodeIgniter\CodeIgniter->handleRequest(null, Object(Config\Cache), false)
 4 FCPATH/index.php(79): CodeIgniter\CodeIgniter->run()
 5 /Applications/Herd.app/Contents/Resources/valet/server.php(167): require('/Users/mac/Herd/fromflourwithlove/public/index.php')
INFO - 2025-11-01 15:26:06 --> Session: Class initialized using 'CodeIgniter\Session\Handlers\FileHandler' driver.
WARNING - 2025-11-01 15:26:06 --> [DEPRECATED] Creation of dynamic property Modul\Dashboard\Controllers\Dashboard::$toko is deprecated in ROOTPATH/modul/Dashboard/Controllers/Dashboard.php on line 19.
 1 SYSTEMPATH/CodeIgniter.php(891): Modul\Dashboard\Controllers\Dashboard->__construct()
 2 SYSTEMPATH/CodeIgniter.php(485): CodeIgniter\CodeIgniter->createController()
 3 SYSTEMPATH/CodeIgniter.php(353): CodeIgniter\CodeIgniter->handleRequest(null, Object(Config\Cache), false)
 4 FCPATH/index.php(79): CodeIgniter\CodeIgniter->run()
 5 /Applications/Herd.app/Contents/Resources/valet/server.php(167): require('/Users/mac/Herd/fromflourwithlove/public/index.php')
WARNING - 2025-11-01 15:26:06 --> [DEPRECATED] Creation of dynamic property Modul\Dashboard\Controllers\Dashboard::$session is deprecated in APPPATH/Controllers/BaseController.php on line 59.
 1 SYSTEMPATH/CodeIgniter.php(892): App\Controllers\BaseController->initController(Object(CodeIgniter\HTTP\IncomingRequest), Object(CodeIgniter\HTTP\Response), Object(CodeIgniter\Log\Logger))
 2 SYSTEMPATH/CodeIgniter.php(485): CodeIgniter\CodeIgniter->createController()
 3 SYSTEMPATH/CodeIgniter.php(353): CodeIgniter\CodeIgniter->handleRequest(null, Object(Config\Cache), false)
 4 FCPATH/index.php(79): CodeIgniter\CodeIgniter->run()
 5 /Applications/Herd.app/Contents/Resources/valet/server.php(167): require('/Users/mac/Herd/fromflourwithlove/public/index.php')
WARNING - 2025-11-01 15:26:06 --> [DEPRECATED] Creation of dynamic property Modul\Dashboard\Controllers\Dashboard::$validation is deprecated in APPPATH/Controllers/BaseController.php on line 60.
 1 SYSTEMPATH/CodeIgniter.php(892): App\Controllers\BaseController->initController(Object(CodeIgniter\HTTP\IncomingRequest), Object(CodeIgniter\HTTP\Response), Object(CodeIgniter\Log\Logger))
 2 SYSTEMPATH/CodeIgniter.php(485): CodeIgniter\CodeIgniter->createController()
 3 SYSTEMPATH/CodeIgniter.php(353): CodeIgniter\CodeIgniter->handleRequest(null, Object(Config\Cache), false)
 4 FCPATH/index.php(79): CodeIgniter\CodeIgniter->run()
 5 /Applications/Herd.app/Contents/Resources/valet/server.php(167): require('/Users/mac/Herd/fromflourwithlove/public/index.php')
WARNING - 2025-11-01 15:26:06 --> [DEPRECATED] Creation of dynamic property Modul\Dashboard\Controllers\Dashboard::$db is deprecated in APPPATH/Controllers/BaseController.php on line 62.
 1 SYSTEMPATH/CodeIgniter.php(892): App\Controllers\BaseController->initController(Object(CodeIgniter\HTTP\IncomingRequest), Object(CodeIgniter\HTTP\Response), Object(CodeIgniter\Log\Logger))
 2 SYSTEMPATH/CodeIgniter.php(485): CodeIgniter\CodeIgniter->createController()
 3 SYSTEMPATH/CodeIgniter.php(353): CodeIgniter\CodeIgniter->handleRequest(null, Object(Config\Cache), false)
 4 FCPATH/index.php(79): CodeIgniter\CodeIgniter->run()
 5 /Applications/Herd.app/Contents/Resources/valet/server.php(167): require('/Users/mac/Herd/fromflourwithlove/public/index.php')
WARNING - 2025-11-01 15:26:06 --> [DEPRECATED] Creation of dynamic property Modul\Dashboard\Controllers\Dashboard::$uri is deprecated in APPPATH/Controllers/BaseController.php on line 63.
 1 SYSTEMPATH/CodeIgniter.php(892): App\Controllers\BaseController->initController(Object(CodeIgniter\HTTP\IncomingRequest), Object(CodeIgniter\HTTP\Response), Object(CodeIgniter\Log\Logger))
 2 SYSTEMPATH/CodeIgniter.php(485): CodeIgniter\CodeIgniter->createController()
 3 SYSTEMPATH/CodeIgniter.php(353): CodeIgniter\CodeIgniter->handleRequest(null, Object(Config\Cache), false)
 4 FCPATH/index.php(79): CodeIgniter\CodeIgniter->run()
 5 /Applications/Herd.app/Contents/Resources/valet/server.php(167): require('/Users/mac/Herd/fromflourwithlove/public/index.php')
WARNING - 2025-11-01 15:26:06 --> [DEPRECATED] Creation of dynamic property Modul\Dashboard\Controllers\Dashboard::$pager is deprecated in APPPATH/Controllers/BaseController.php on line 64.
 1 SYSTEMPATH/CodeIgniter.php(892): App\Controllers\BaseController->initController(Object(CodeIgniter\HTTP\IncomingRequest), Object(CodeIgniter\HTTP\Response), Object(CodeIgniter\Log\Logger))
 2 SYSTEMPATH/CodeIgniter.php(485): CodeIgniter\CodeIgniter->createController()
 3 SYSTEMPATH/CodeIgniter.php(353): CodeIgniter\CodeIgniter->handleRequest(null, Object(Config\Cache), false)
 4 FCPATH/index.php(79): CodeIgniter\CodeIgniter->run()
 5 /Applications/Herd.app/Contents/Resources/valet/server.php(167): require('/Users/mac/Herd/fromflourwithlove/public/index.php')
WARNING - 2025-11-01 15:26:06 --> [DEPRECATED] number_format(): Passing null to parameter #1 ($num) of type float is deprecated in ROOTPATH/modul/Dashboard/Controllers/Dashboard.php on line 49.
 1 ROOTPATH/modul/Dashboard/Controllers/Dashboard.php(49): number_format(null)
 2 SYSTEMPATH/CodeIgniter.php(919): Modul\Dashboard\Controllers\Dashboard->index()
 3 SYSTEMPATH/CodeIgniter.php(494): CodeIgniter\CodeIgniter->runController(Object(Modul\Dashboard\Controllers\Dashboard))
 4 SYSTEMPATH/CodeIgniter.php(353): CodeIgniter\CodeIgniter->handleRequest(null, Object(Config\Cache), false)
 5 FCPATH/index.php(79): CodeIgniter\CodeIgniter->run()
 6 /Applications/Herd.app/Contents/Resources/valet/server.php(167): require('/Users/mac/Herd/fromflourwithlove/public/index.php')
WARNING - 2025-11-01 15:26:06 --> [DEPRECATED] number_format(): Passing null to parameter #1 ($num) of type float is deprecated in ROOTPATH/modul/Dashboard/Controllers/Dashboard.php on line 50.
 1 ROOTPATH/modul/Dashboard/Controllers/Dashboard.php(50): number_format(null)
 2 SYSTEMPATH/CodeIgniter.php(919): Modul\Dashboard\Controllers\Dashboard->index()
 3 SYSTEMPATH/CodeIgniter.php(494): CodeIgniter\CodeIgniter->runController(Object(Modul\Dashboard\Controllers\Dashboard))
 4 SYSTEMPATH/CodeIgniter.php(353): CodeIgniter\CodeIgniter->handleRequest(null, Object(Config\Cache), false)
 5 FCPATH/index.php(79): CodeIgniter\CodeIgniter->run()
 6 /Applications/Herd.app/Contents/Resources/valet/server.php(167): require('/Users/mac/Herd/fromflourwithlove/public/index.php')
WARNING - 2025-11-01 15:26:06 --> [DEPRECATED] number_format(): Passing null to parameter #1 ($num) of type float is deprecated in ROOTPATH/modul/Dashboard/Controllers/Dashboard.php on line 51.
 1 ROOTPATH/modul/Dashboard/Controllers/Dashboard.php(51): number_format(null)
 2 SYSTEMPATH/CodeIgniter.php(919): Modul\Dashboard\Controllers\Dashboard->index()
 3 SYSTEMPATH/CodeIgniter.php(494): CodeIgniter\CodeIgniter->runController(Object(Modul\Dashboard\Controllers\Dashboard))
 4 SYSTEMPATH/CodeIgniter.php(353): CodeIgniter\CodeIgniter->handleRequest(null, Object(Config\Cache), false)
 5 FCPATH/index.php(79): CodeIgniter\CodeIgniter->run()
 6 /Applications/Herd.app/Contents/Resources/valet/server.php(167): require('/Users/mac/Herd/fromflourwithlove/public/index.php')
WARNING - 2025-11-01 15:26:06 --> [DEPRECATED] number_format(): Passing null to parameter #1 ($num) of type float is deprecated in ROOTPATH/modul/Dashboard/Controllers/Dashboard.php on line 52.
 1 ROOTPATH/modul/Dashboard/Controllers/Dashboard.php(52): number_format(null)
 2 SYSTEMPATH/CodeIgniter.php(919): Modul\Dashboard\Controllers\Dashboard->index()
 3 SYSTEMPATH/CodeIgniter.php(494): CodeIgniter\CodeIgniter->runController(Object(Modul\Dashboard\Controllers\Dashboard))
 4 SYSTEMPATH/CodeIgniter.php(353): CodeIgniter\CodeIgniter->handleRequest(null, Object(Config\Cache), false)
 5 FCPATH/index.php(79): CodeIgniter\CodeIgniter->run()
 6 /Applications/Herd.app/Contents/Resources/valet/server.php(167): require('/Users/mac/Herd/fromflourwithlove/public/index.php')
WARNING - 2025-11-01 15:26:06 --> [DEPRECATED] number_format(): Passing null to parameter #1 ($num) of type float is deprecated in ROOTPATH/modul/Dashboard/Controllers/Dashboard.php on line 54.
 1 ROOTPATH/modul/Dashboard/Controllers/Dashboard.php(54): number_format(null)
 2 SYSTEMPATH/CodeIgniter.php(919): Modul\Dashboard\Controllers\Dashboard->index()
 3 SYSTEMPATH/CodeIgniter.php(494): CodeIgniter\CodeIgniter->runController(Object(Modul\Dashboard\Controllers\Dashboard))
 4 SYSTEMPATH/CodeIgniter.php(353): CodeIgniter\CodeIgniter->handleRequest(null, Object(Config\Cache), false)
 5 FCPATH/index.php(79): CodeIgniter\CodeIgniter->run()
 6 /Applications/Herd.app/Contents/Resources/valet/server.php(167): require('/Users/mac/Herd/fromflourwithlove/public/index.php')
WARNING - 2025-11-01 15:26:06 --> [DEPRECATED] number_format(): Passing null to parameter #1 ($num) of type float is deprecated in ROOTPATH/modul/Dashboard/Controllers/Dashboard.php on line 59.
 1 ROOTPATH/modul/Dashboard/Controllers/Dashboard.php(59): number_format(null)
 2 SYSTEMPATH/CodeIgniter.php(919): Modul\Dashboard\Controllers\Dashboard->index()
 3 SYSTEMPATH/CodeIgniter.php(494): CodeIgniter\CodeIgniter->runController(Object(Modul\Dashboard\Controllers\Dashboard))
 4 SYSTEMPATH/CodeIgniter.php(353): CodeIgniter\CodeIgniter->handleRequest(null, Object(Config\Cache), false)
 5 FCPATH/index.php(79): CodeIgniter\CodeIgniter->run()
 6 /Applications/Herd.app/Contents/Resources/valet/server.php(167): require('/Users/mac/Herd/fromflourwithlove/public/index.php')
WARNING - 2025-11-01 15:26:06 --> [DEPRECATED] Creation of dynamic property CodeIgniter\View\View::$session is deprecated in ROOTPATH/modul/Dashboard/Views/viewDashboard.php on line 5.
 1 SYSTEMPATH/View/View.php(226): include('/Users/mac/Herd/fromflourwithlove/modul/Dashboard/Views/viewDashboard.php')
 2 SYSTEMPATH/View/View.php(229): CodeIgniter\View\View->CodeIgniter\View\{closure}()
 3 SYSTEMPATH/Common.php(1188): CodeIgniter\View\View->render('Modul\\Dashboard\\Views\\viewDashboard', [], true)
 4 ROOTPATH/modul/Dashboard/Controllers/Dashboard.php(62): view('Modul\\Dashboard\\Views\\viewDashboard', [...])
 5 SYSTEMPATH/CodeIgniter.php(919): Modul\Dashboard\Controllers\Dashboard->index()
 6 SYSTEMPATH/CodeIgniter.php(494): CodeIgniter\CodeIgniter->runController(Object(Modul\Dashboard\Controllers\Dashboard))
 7 SYSTEMPATH/CodeIgniter.php(353): CodeIgniter\CodeIgniter->handleRequest(null, Object(Config\Cache), false)
 8 FCPATH/index.php(79): CodeIgniter\CodeIgniter->run()
 9 /Applications/Herd.app/Contents/Resources/valet/server.php(167): require('/Users/mac/Herd/fromflourwithlove/public/index.php')
WARNING - 2025-11-01 15:26:06 --> [DEPRECATED] Creation of dynamic property CodeIgniter\View\View::$db is deprecated in APPPATH/Views/layout/template.php on line 6.
 1 SYSTEMPATH/View/View.php(226): include('/Users/mac/Herd/fromflourwithlove/app/Views/layout/template.php')
 2 SYSTEMPATH/View/View.php(229): CodeIgniter\View\View->CodeIgniter\View\{closure}()
 3 SYSTEMPATH/View/View.php(242): CodeIgniter\View\View->render('layout/template', [], true)
 4 SYSTEMPATH/Common.php(1188): CodeIgniter\View\View->render('Modul\\Dashboard\\Views\\viewDashboard', [], true)
 5 ROOTPATH/modul/Dashboard/Controllers/Dashboard.php(62): view('Modul\\Dashboard\\Views\\viewDashboard', [...])
 6 SYSTEMPATH/CodeIgniter.php(919): Modul\Dashboard\Controllers\Dashboard->index()
 7 SYSTEMPATH/CodeIgniter.php(494): CodeIgniter\CodeIgniter->runController(Object(Modul\Dashboard\Controllers\Dashboard))
 8 SYSTEMPATH/CodeIgniter.php(353): CodeIgniter\CodeIgniter->handleRequest(null, Object(Config\Cache), false)
 9 FCPATH/index.php(79): CodeIgniter\CodeIgniter->run()
10 /Applications/Herd.app/Contents/Resources/valet/server.php(167): require('/Users/mac/Herd/fromflourwithlove/public/index.php')
